<?xml version="1.0" encoding="UTF-8"?><testsuite name="nosetests" tests="210" errors="210" failures="0" skip="0"><testcase classname="nose.failure.Failure" name="runTest" time="0"><error type="exceptions.ImportError" message="No module named WMCore.ACDC.AnalysisCollectionService"><![CDATA[Traceback (most recent call last):
  File "/opt/local/Library/Frameworks/Python.framework/Versions/2.6/lib/python2.6/unittest.py", line 279, in run
    testMethod()
  File "/opt/local/Library/Frameworks/Python.framework/Versions/2.6/lib/python2.6/site-packages/nose-0.11.4-py2.6.egg/nose/loader.py", line 382, in loadTestsFromName
    addr.filename, addr.module)
  File "/opt/local/Library/Frameworks/Python.framework/Versions/2.6/lib/python2.6/site-packages/nose-0.11.4-py2.6.egg/nose/importer.py", line 39, in importFromPath
    return self.importFromDir(dir_path, fqname)
  File "/opt/local/Library/Frameworks/Python.framework/Versions/2.6/lib/python2.6/site-packages/nose-0.11.4-py2.6.egg/nose/importer.py", line 86, in importFromDir
    mod = load_module(part_fqname, fh, filename, desc)
  File "/Users/meloam/Documents/workspace/wmcore-test/test/python/WMCore_t/ACDC_t/AnalysisCollectionService_t.py", line 10, in <module>
    from WMCore.ACDC.AnalysisCollectionService import AnalysisCollectionService
ImportError: No module named WMCore.ACDC.AnalysisCollectionService
]]></error></testcase>
<testcase classname="WMCore_t.WMSpec_t.Steps_t.Builders_t.StageOut_t.StageOutTest" name="WMCore_t.WMSpec_t.Steps_t.Builders_t.StageOut_t.StageOutTest.testBuild" time="0" /><testcase classname="WMCore_t.WMSpec_t.Steps_t.StepFactory_t.StepFactoryTest" name="WMCore_t.WMSpec_t.Steps_t.StepFactory_t.StepFactoryTest.testD" time="0" /><testcase classname="WMCore_t.WMSpec_t.Steps_t.Templates_t.CMSSWTemplate_t.CMSSWTemplateTest" name="WMCore_t.WMSpec_t.Steps_t.Templates_t.CMSSWTemplate_t.CMSSWTemplateTest.testB" time="0" /><testcase classname="WMCore_t.WMSpec_t.WMTask_t.WMTaskTest" name="WMCore_t.WMSpec_t.WMTask_t.WMTaskTest.testInputDataset" time="0" /><testcase classname="WMCore_t.WMSpec_t.WMWorkload_t.WMWorkloadTest" name="WMCore_t.WMSpec_t.WMWorkload_t.WMWorkloadTest.testD_Owner" time="0" /><testcase classname="WMCore_t.WMSpec_t.WMWorkload_t.WMWorkloadTest" name="WMCore_t.WMSpec_t.WMWorkload_t.WMWorkloadTest.testUpdatingSplitParameters" time="0" /><testcase classname="WMCore_t.WebTools_t.NestedModel_t.NestedModelTest" name="WMCore_t.WebTools_t.NestedModel_t.NestedModelTest.testOuterFooPass" time="0" /><testcase classname="WMCore_t.WebTools_t.REST_Exceptions_t.RESTTest" name="WMCore_t.WebTools_t.REST_Exceptions_t.RESTTest.testSpecific500Exception" time="0" /><testcase classname="WMCore_t.WebTools_t.REST_t.RESTTest" name="WMCore_t.WebTools_t.REST_t.RESTTest.testList" time="0" /><testcase classname="WMCore_t.WebTools_t.Root_t.RootTest" name="WMCore_t.WebTools_t.Root_t.RootTest.testLongHandChangePort" time="0" /><testcase classname="WMCore_t.WorkQueue_t.DataStructs_t.CouchWorkQueueElement_t.CouchWorkQueueElementTest" name="WMCore_t.WorkQueue_t.DataStructs_t.CouchWorkQueueElement_t.CouchWorkQueueElementTest.testIdFromDbImmutable" time="0" /><testcase classname="WMCore_t.WorkQueue_t.Policy_t.End_t.EndPolicy_t.EndPolicyInterfaceTestCase" name="WMCore_t.WorkQueue_t.Policy_t.End_t.EndPolicy_t.EndPolicyInterfaceTestCase.testOverallStatus" time="0" /><testcase classname="WMCore_t.WorkQueue_t.Policy_t.Start_t.Block_t.BlockTestCase" name="WMCore_t.WorkQueue_t.Policy_t.Start_t.Block_t.BlockTestCase.testWhiteBlackLists" time="0" /><testcase classname="WMCore_t.WorkQueue_t.Policy_t.Start_t.MonteCarlo_t.MonteCarloTestCase" name="WMCore_t.WorkQueue_t.Policy_t.Start_t.MonteCarlo_t.MonteCarloTestCase.testInvalidSpecs" time="0" /><testcase classname="WMCore_t.WorkQueue_t.WMBSHelper_t.WMBSHelperTest" name="WMCore_t.WorkQueue_t.WMBSHelper_t.WMBSHelperTest.testReRecoBlackRunRestriction" time="4" /><testcase classname="WMCore_t.WorkQueue_t.WorkQueueReqMgrInterface_t.WorkQueueReqMgrInterfaceTest" name="WMCore_t.WorkQueue_t.WorkQueueReqMgrInterface_t.WorkQueueReqMgrInterfaceTest.testReqMgrProgress" time="6" /><testcase classname="WMCore_t.WorkQueue_t.WorkQueue_t.WorkQueueTest" name="WMCore_t.WorkQueue_t.WorkQueue_t.WorkQueueTest.testFailRequestAfterTimeout" time="3" /><testcase classname="WMCore_t.WorkQueue_t.WorkQueue_t.WorkQueueTest" name="WMCore_t.WorkQueue_t.WorkQueue_t.WorkQueueTest.testProduction" time="8" /><testcase classname="WMCore_t.WorkQueue_t.WorkQueue_t.WorkQueueTest" name="WMCore_t.WorkQueue_t.WorkQueue_t.WorkQueueTest.testWMBSInjectionStatus" time="21" /><testcase classname="nose.failure.Failure" name="WMCore_t.WMSpec_t.Steps_t.Builders_t.StageOut_t.StageOutTest.testBuild" time="0"><error type="exceptions.ImportError">Traceback (most recent call last):
  File &quot;/jenkins/deploy/0.8.35/sw/slc5_amd64_gcc461/external/python/2.6.4-comp3/lib/python2.6/unittest.py&quot;, line 279, in run
    testMethod()
  File &quot;/usr/lib/python2.6/site-packages/nose/loader.py&quot;, line 379, in loadTestsFromName
    addr.filename, addr.module)
  File &quot;/usr/lib/python2.6/site-packages/nose/importer.py&quot;, line 39, in importFromPath
    return self.importFromDir(dir_path, fqname)
  File &quot;/usr/lib/python2.6/site-packages/nose/importer.py&quot;, line 86, in importFromDir</error></testcase></testsuite>
